# JRE version: Java(TM) SE Runtime Environment (8.0_101-b13) (build 1.8.0_101-b13)
# Java VM: Java HotSpot(TM) 64-Bit Server VM (25.101-b13 mixed mode bsd-amd64 compressed oops)
Heap:
 PSYoungGen      total 248320K, used 45767K [0x00000007a0000000, 0x00000007b3200000, 0x00000007c0000000)
  eden space 221184K, 19% used [0x00000007a0000000,0x00000007a294dd90,0x00000007ad800000)
  from space 27136K, 12% used [0x00000007ad800000,0x00000007adb64010,0x00000007af280000)
  to   space 27136K, 0% used [0x00000007b1780000,0x00000007b1780000,0x00000007b3200000)
 ParOldGen       total 110080K, used 49102K [0x0000000760000000, 0x0000000766b80000, 0x00000007a0000000)
  object space 110080K, 44% used [0x0000000760000000,0x0000000762ff3870,0x0000000766b80000)
 Metaspace       used 63355K, capacity 66530K, committed 66560K, reserved 1105920K
  class space    used 8487K, capacity 9194K, committed 9216K, reserved 1048576K
GC Heap History (10 events):
Event: 23.654 GC heap before
{Heap before GC invocations=17 (full 3):
 PSYoungGen      total 178688K, used 168770K [0x00000007a0000000, 0x00000007ae300000, 0x00000007c0000000)
  eden space 155136K, 100% used [0x00000007a0000000,0x00000007a9780000,0x00000007a9780000)
  from space 23552K, 57% used [0x00000007a9780000,0x00000007aa4d0928,0x00000007aae80000)
  to   space 23552K, 0% used [0x00000007acc00000,0x00000007acc00000,0x00000007ae300000)
 ParOldGen       total 110080K, used 44622K [0x0000000760000000, 0x0000000766b80000, 0x00000007a0000000)
  object space 110080K, 40% used [0x0000000760000000,0x0000000762b93830,0x0000000766b80000)
 Metaspace       used 60590K, capacity 62774K, committed 62976K, reserved 1103872K
  class space    used 8215K, capacity 8684K, committed 8704K, reserved 1048576K
Event: 23.684 GC heap after
Heap after GC invocations=17 (full 3):
 PSYoungGen      total 202752K, used 12185K [0x00000007a0000000, 0x00000007adf00000, 0x00000007c0000000)
  eden space 183296K, 0% used [0x00000007a0000000,0x00000007a0000000,0x00000007ab300000)
  from space 19456K, 62% used [0x00000007acc00000,0x00000007ad7e65f8,0x00000007adf00000)
  to   space 22528K, 0% used [0x00000007ab300000,0x00000007ab300000,0x00000007ac900000)
 ParOldGen       total 110080K, used 44630K [0x0000000760000000, 0x0000000766b80000, 0x00000007a0000000)
  object space 110080K, 40% used [0x0000000760000000,0x0000000762b95830,0x0000000766b80000)
 Metaspace       used 60590K, capacity 62774K, committed 62976K, reserved 1103872K
  class space    used 8215K, capacity 8684K, committed 8704K, reserved 1048576K
}
Event: 26.827 GC heap before
{Heap before GC invocations=18 (full 3):
 PSYoungGen      total 202752K, used 195481K [0x00000007a0000000, 0x00000007adf00000, 0x00000007c0000000)
  eden space 183296K, 100% used [0x00000007a0000000,0x00000007ab300000,0x00000007ab300000)
  from space 19456K, 62% used [0x00000007acc00000,0x00000007ad7e65f8,0x00000007adf00000)
  to   space 22528K, 0% used [0x00000007ab300000,0x00000007ab300000,0x00000007ac900000)
 ParOldGen       total 110080K, used 44630K [0x0000000760000000, 0x0000000766b80000, 0x00000007a0000000)
  object space 110080K, 40% used [0x0000000760000000,0x0000000762b95830,0x0000000766b80000)
 Metaspace       used 60647K, capacity 62804K, committed 62976K, reserved 1103872K
  class space    used 8219K, capacity 8689K, committed 8704K, reserved 1048576K
Event: 26.884 GC heap after
Heap after GC invocations=18 (full 3):
 PSYoungGen      total 205824K, used 22517K [0x00000007a0000000, 0x00000007b0e00000, 0x00000007c0000000)
  eden space 183296K, 0% used [0x00000007a0000000,0x00000007a0000000,0x00000007ab300000)
  from space 22528K, 99% used [0x00000007ab300000,0x00000007ac8fd6e8,0x00000007ac900000)
  to   space 27648K, 0% used [0x00000007af300000,0x00000007af300000,0x00000007b0e00000)
 ParOldGen       total 110080K, used 50619K [0x0000000760000000, 0x0000000766b80000, 0x00000007a0000000)
  object space 110080K, 45% used [0x0000000760000000,0x000000076316eef8,0x0000000766b80000)
 Metaspace       used 60647K, capacity 62804K, committed 62976K, reserved 1103872K
  class space    used 8219K, capacity 8689K, committed 8704K, reserved 1048576K
}
Event: 647.107 GC heap before
{Heap before GC invocations=19 (full 3):
 PSYoungGen      total 205824K, used 163617K [0x00000007a0000000, 0x00000007b0e00000, 0x00000007c0000000)
  eden space 183296K, 76% used [0x00000007a0000000,0x00000007a89cb058,0x00000007ab300000)
  from space 22528K, 99% used [0x00000007ab300000,0x00000007ac8fd6e8,0x00000007ac900000)
  to   space 27648K, 0% used [0x00000007af300000,0x00000007af300000,0x00000007b0e00000)
 ParOldGen       total 110080K, used 50619K [0x0000000760000000, 0x0000000766b80000, 0x00000007a0000000)
  object space 110080K, 45% used [0x0000000760000000,0x000000076316eef8,0x0000000766b80000)
 Metaspace       used 62298K, capacity 65136K, committed 65408K, reserved 1105920K
  class space    used 8418K, capacity 9029K, committed 9088K, reserved 1048576K
Event: 647.147 GC heap after
Heap after GC invocations=19 (full 3):
 PSYoungGen      total 247808K, used 8655K [0x00000007a0000000, 0x00000007b0d00000, 0x00000007c0000000)
  eden space 221184K, 0% used [0x00000007a0000000,0x00000007a0000000,0x00000007ad800000)
  from space 26624K, 32% used [0x00000007af300000,0x00000007afb73dd0,0x00000007b0d00000)
  to   space 27136K, 0% used [0x00000007ad800000,0x00000007ad800000,0x00000007af280000)
 ParOldGen       total 110080K, used 50627K [0x0000000760000000, 0x0000000766b80000, 0x00000007a0000000)
  object space 110080K, 45% used [0x0000000760000000,0x0000000763170ef8,0x0000000766b80000)
 Metaspace       used 62298K, capacity 65136K, committed 65408K, reserved 1105920K
  class space    used 8418K, capacity 9029K, committed 9088K, reserved 1048576K
}
Event: 647.147 GC heap before
{Heap before GC invocations=20 (full 4):
 PSYoungGen      total 247808K, used 8655K [0x00000007a0000000, 0x00000007b0d00000, 0x00000007c0000000)
  eden space 221184K, 0% used [0x00000007a0000000,0x00000007a0000000,0x00000007ad800000)
  from space 26624K, 32% used [0x00000007af300000,0x00000007afb73dd0,0x00000007b0d00000)
  to   space 27136K, 0% used [0x00000007ad800000,0x00000007ad800000,0x00000007af280000)
 ParOldGen       total 110080K, used 50627K [0x0000000760000000, 0x0000000766b80000, 0x00000007a0000000)
  object space 110080K, 45% used [0x0000000760000000,0x0000000763170ef8,0x0000000766b80000)
 Metaspace       used 62298K, capacity 65136K, committed 65408K, reserved 1105920K
  class space    used 8418K, capacity 9029K, committed 9088K, reserved 1048576K
Event: 647.720 GC heap after
Heap after GC invocations=20 (full 4):
 PSYoungGen      total 247808K, used 0K [0x00000007a0000000, 0x00000007b0d00000, 0x00000007c0000000)
  eden space 221184K, 0% used [0x00000007a0000000,0x00000007a0000000,0x00000007ad800000)
  from space 26624K, 0% used [0x00000007af300000,0x00000007af300000,0x00000007b0d00000)
  to   space 27136K, 0% used [0x00000007ad800000,0x00000007ad800000,0x00000007af280000)
 ParOldGen       total 110080K, used 49094K [0x0000000760000000, 0x0000000766b80000, 0x00000007a0000000)
  object space 110080K, 44% used [0x0000000760000000,0x0000000762ff1870,0x0000000766b80000)
 Metaspace       used 62262K, capacity 65010K, committed 65408K, reserved 1105920K
  class space    used 8407K, capacity 8988K, committed 9088K, reserved 1048576K
}
Event: 693.712 GC heap before
{Heap before GC invocations=21 (full 4):
 PSYoungGen      total 247808K, used 221184K [0x00000007a0000000, 0x00000007b0d00000, 0x00000007c0000000)
  eden space 221184K, 100% used [0x00000007a0000000,0x00000007ad800000,0x00000007ad800000)
  from space 26624K, 0% used [0x00000007af300000,0x00000007af300000,0x00000007b0d00000)
  to   space 27136K, 0% used [0x00000007ad800000,0x00000007ad800000,0x00000007af280000)
 ParOldGen       total 110080K, used 49094K [0x0000000760000000, 0x0000000766b80000, 0x00000007a0000000)
  object space 110080K, 44% used [0x0000000760000000,0x0000000762ff1870,0x0000000766b80000)
 Metaspace       used 63012K, capacity 66032K, committed 66304K, reserved 1105920K
  class space    used 8459K, capacity 9103K, committed 9216K, reserved 1048576K
Event: 693.729 GC heap after
Heap after GC invocations=21 (full 4):
 PSYoungGen      total 248320K, used 3472K [0x00000007a0000000, 0x00000007b3200000, 0x00000007c0000000)
  eden space 221184K, 0% used [0x00000007a0000000,0x00000007a0000000,0x00000007ad800000)
  from space 27136K, 12% used [0x00000007ad800000,0x00000007adb64010,0x00000007af280000)
  to   space 27136K, 0% used [0x00000007b1780000,0x00000007b1780000,0x00000007b3200000)
 ParOldGen       total 110080K, used 49102K [0x0000000760000000, 0x0000000766b80000, 0x00000007a0000000)
  object space 110080K, 44% used [0x0000000760000000,0x0000000762ff3870,0x0000000766b80000)
 Metaspace       used 63012K, capacity 66032K, committed 66304K, reserved 1105920K
  class space    used 8459K, capacity 9103K, committed 9216K, reserved 1048576K
}

